<?xml version="1.0" encoding="UTF-8"?>
<testng-results skipped="0" failed="0" ignored="0" total="1" passed="1">
  <reporter-output>
  </reporter-output>
  <suite name="Default suite" duration-ms="25633" started-at="2019-04-16T06:40:44Z" finished-at="2019-04-16T06:41:10Z">
    <groups>
      <group name="cucumber">
        <method signature="AbstractTestNGCucumberTests.feature(cucumber.api.testng.CucumberFeatureWrapper)[pri:0, instance:testRunner.Runner@52525845]" name="feature" class="cucumber.api.testng.AbstractTestNGCucumberTests"/>
      </group> <!-- cucumber -->
    </groups>
    <test name="Default test" duration-ms="25633" started-at="2019-04-16T06:40:44Z" finished-at="2019-04-16T06:41:10Z">
      <class name="testRunner.Runner">
        <test-method status="PASS" signature="setUpClass()[pri:0, instance:testRunner.Runner@52525845]" name="setUpClass" is-config="true" duration-ms="418" started-at="2019-04-16T06:40:44Z" finished-at="2019-04-16T06:40:45Z">
          <reporter-output>
          </reporter-output>
        </test-method> <!-- setUpClass -->
        <test-method status="PASS" signature="feature(cucumber.api.testng.CucumberFeatureWrapper)[pri:0, instance:testRunner.Runner@52525845]" name="feature" duration-ms="24943" started-at="2019-04-16T06:40:45Z" description="Runs Cucumber Feature" data-provider="features" finished-at="2019-04-16T06:41:10Z">
          <params>
            <param index="0">
              <value>
                <![CDATA[FreeCRM Login]]>
              </value>
            </param>
          </params>
          <reporter-output>
          </reporter-output>
        </test-method> <!-- feature -->
        <test-method status="PASS" signature="tearDownClass()[pri:0, instance:testRunner.Runner@52525845]" name="tearDownClass" is-config="true" duration-ms="102" started-at="2019-04-16T06:41:10Z" finished-at="2019-04-16T06:41:10Z">
          <reporter-output>
          </reporter-output>
        </test-method> <!-- tearDownClass -->
      </class> <!-- testRunner.Runner -->
    </test> <!-- Default test -->
  </suite> <!-- Default suite -->
</testng-results>
